<?xml version="1.0" encoding="UTF-8"?>
<!-- Generated by org.testng.reporters.JUnitReportReporter -->
<testsuite hostname="TVLLAP26" failures="0" tests="1" name="com.Nem_Pd.UtilityOfficeInfo" time="121.377" errors="0" timestamp="2024-03-05T18:24:55 BDT" skipped="0">
  <testcase classname="com.Nem_Pd.UtilityOfficeInfo" name="InsertUtilityOfficeInfo" time="121.377"/>
  <system-out/>
</testsuite> <!-- com.Nem_Pd.UtilityOfficeInfo -->
