<?xml version="1.0" encoding="UTF-8"?>
<!-- Generated by org.testng.reporters.JUnitReportReporter -->
<testsuite hostname="TVLLAP26" failures="0" tests="1" name="com.Nem_Pd.UtilityOfficeInfo" time="294.842" errors="0" timestamp="2024-03-12T11:58:36 BDT" skipped="0">
  <testcase classname="com.Nem_Pd.UtilityOfficeInfo" name="InsertUtilityOfficeInfo" time="294.842"/>
  <system-out/>
</testsuite> <!-- com.Nem_Pd.UtilityOfficeInfo -->
