<?xml version="1.0" encoding="UTF-8"?>
<!-- Generated by org.testng.reporters.JUnitReportReporter -->
<testsuite hostname="TVLLAP26" failures="0" tests="1" name="com.Nem_Pd.BaseDriverandBrowser" time="11.202" errors="0" timestamp="2024-03-10T12:05:47 BDT" skipped="0">
  <testcase classname="com.Nem_Pd.BaseDriverandBrowser" name="TestExtentReport" time="11.202"/>
  <system-out/>
</testsuite> <!-- com.Nem_Pd.BaseDriverandBrowser -->
